<?xml version="1.0" encoding="UTF-8"?>
<!-- Generated by org.testng.reporters.JUnitXMLReporter -->
<testsuite hostname="DESKTOP-AJ3PD1C" failures="0" tests="2" name="CreateAppQuestionChromeBrowser" time="85.138" errors="0" timestamp="11 Feb 2024 13:34:48 GMT">
  <testcase classname="com.cucumber.TestRunner.SearchQuestionRunner" name="feature" time="22.856"/>
  <testcase classname="com.cucumber.TestRunner.CreateQuestionRunner" name="feature" time="24.956"/>
</testsuite> <!-- CreateAppQuestionChromeBrowser -->
