<?xml version="1.0" encoding="UTF-8"?>
<testng-results total="1" passed="1" failed="0" skipped="0">
  <reporter-output>
  </reporter-output>
  <suite started-at="2024-02-22T17:32:58Z" name="Default suite" finished-at="2024-02-22T17:33:36Z" duration-ms="38221">
    <groups>
      <group name="cucumber">
        <method signature="AbstractTestNGCucumberTests.feature(cucumber.api.testng.CucumberFeatureWrapper)[pri:0, instance:com.cucumber.TestRunner.CreateQuestionRunner@24ba9639]" name="feature" class="cucumber.api.testng.AbstractTestNGCucumberTests"/>
      </group> <!-- cucumber -->
    </groups>
    <test started-at="2024-02-22T17:32:58Z" name="Default test" finished-at="2024-02-22T17:33:36Z" duration-ms="38221">
      <class name="com.cucumber.TestRunner.CreateQuestionRunner">
        <test-method is-config="true" signature="setUpClass()[pri:0, instance:com.cucumber.TestRunner.CreateQuestionRunner@24ba9639]" started-at="2024-02-22T23:02:58Z" name="setUpClass" finished-at="2024-02-22T23:02:58Z" duration-ms="204" status="PASS">
          <reporter-output>
          </reporter-output>
        </test-method> <!-- setUpClass -->
        <test-method is-config="true" signature="beforeclass()[pri:0, instance:com.cucumber.TestRunner.CreateQuestionRunner@24ba9639]" started-at="2024-02-22T23:02:58Z" name="beforeclass" finished-at="2024-02-22T23:03:07Z" duration-ms="8552" status="PASS">
          <reporter-output>
          </reporter-output>
        </test-method> <!-- beforeclass -->
        <test-method signature="feature(cucumber.api.testng.CucumberFeatureWrapper)[pri:0, instance:com.cucumber.TestRunner.CreateQuestionRunner@24ba9639]" started-at="2024-02-22T23:03:07Z" name="feature" description="Runs Cucumber Feature" data-provider="features" finished-at="2024-02-22T23:03:36Z" duration-ms="28918" status="PASS">
          <params>
            <param index="0">
              <value>
                <![CDATA[App Question]]>
              </value>
            </param>
          </params>
          <reporter-output>
          </reporter-output>
        </test-method> <!-- feature -->
        <test-method is-config="true" signature="testDownClass()[pri:0, instance:com.cucumber.TestRunner.CreateQuestionRunner@24ba9639]" started-at="2024-02-22T23:03:36Z" name="testDownClass" finished-at="2024-02-22T23:03:36Z" duration-ms="126" status="PASS">
          <reporter-output>
          </reporter-output>
        </test-method> <!-- testDownClass -->
        <test-method is-config="true" signature="tearDownClass()[pri:0, instance:com.cucumber.TestRunner.CreateQuestionRunner@24ba9639]" started-at="2024-02-22T23:03:36Z" name="tearDownClass" finished-at="2024-02-22T23:03:36Z" duration-ms="304" status="PASS">
          <reporter-output>
          </reporter-output>
        </test-method> <!-- tearDownClass -->
      </class> <!-- com.cucumber.TestRunner.CreateQuestionRunner -->
    </test> <!-- Default test -->
  </suite> <!-- Default suite -->
</testng-results>
