<?xml version="1.0" encoding="UTF-8"?>
<testng-results total="2" passed="2" failed="0" skipped="0">
  <reporter-output>
    <line>
      <![CDATA[About to begin executing Suite NspiraHrmsPortal]]>
    </line>
    <line>
      <![CDATA[About to begin executing Test CreateAppQuestionChromeBrowser]]>
    </line>
    <line>
      <![CDATA[About to begin executing following method : AbstractTestNGCucumberTests.setUpClass]]>
    </line>
    <line>
      <![CDATA[Completed executing following method : AbstractTestNGCucumberTests.setUpClass]]>
    </line>
    <line>
      <![CDATA[About to begin executing following method : SearchQuestionRunner.beforeclass]]>
    </line>
    <line>
      <![CDATA[Completed executing following method : SearchQuestionRunner.beforeclass]]>
    </line>
    <line>
      <![CDATA[About to begin executing following method : AbstractTestNGCucumberTests.feature]]>
    </line>
    <line>
      <![CDATA[Completed executing following method : AbstractTestNGCucumberTests.feature]]>
    </line>
    <line>
      <![CDATA[Test Method resides in com.cucumber.TestRunner.SearchQuestionRunner]]>
    </line>
    <line>
      <![CDATA[Test Method had the following parameters : nullApp Questions,]]>
    </line>
    <line>
      <![CDATA[Test Status: Pass]]>
    </line>
    <line>
      <![CDATA[About to begin executing following method : SearchQuestionRunner.testDownClass]]>
    </line>
    <line>
      <![CDATA[Completed executing following method : SearchQuestionRunner.testDownClass]]>
    </line>
    <line>
      <![CDATA[About to begin executing following method : AbstractTestNGCucumberTests.tearDownClass]]>
    </line>
    <line>
      <![CDATA[Completed executing following method : AbstractTestNGCucumberTests.tearDownClass]]>
    </line>
    <line>
      <![CDATA[About to begin executing following method : AbstractTestNGCucumberTests.setUpClass]]>
    </line>
    <line>
      <![CDATA[Completed executing following method : AbstractTestNGCucumberTests.setUpClass]]>
    </line>
    <line>
      <![CDATA[About to begin executing following method : CreateQuestionRunner.beforeclass]]>
    </line>
    <line>
      <![CDATA[Completed executing following method : CreateQuestionRunner.beforeclass]]>
    </line>
    <line>
      <![CDATA[About to begin executing following method : AbstractTestNGCucumberTests.feature]]>
    </line>
    <line>
      <![CDATA[Completed executing following method : AbstractTestNGCucumberTests.feature]]>
    </line>
    <line>
      <![CDATA[Test Method resides in com.cucumber.TestRunner.CreateQuestionRunner]]>
    </line>
    <line>
      <![CDATA[Test Method had the following parameters : nullApp Question,]]>
    </line>
    <line>
      <![CDATA[Test Status: Pass]]>
    </line>
    <line>
      <![CDATA[About to begin executing following method : CreateQuestionRunner.testDownClass]]>
    </line>
    <line>
      <![CDATA[Completed executing following method : CreateQuestionRunner.testDownClass]]>
    </line>
    <line>
      <![CDATA[About to begin executing following method : AbstractTestNGCucumberTests.tearDownClass]]>
    </line>
    <line>
      <![CDATA[Completed executing following method : AbstractTestNGCucumberTests.tearDownClass]]>
    </line>
  </reporter-output>
  <suite started-at="2024-02-11T13:33:23Z" name="NspiraHrmsPortal" finished-at="2024-02-11T13:34:48Z" duration-ms="85138">
    <groups>
      <group name="cucumber">
        <method signature="AbstractTestNGCucumberTests.feature(cucumber.api.testng.CucumberFeatureWrapper)[pri:0, instance:com.cucumber.TestRunner.CreateQuestionRunner@f0da945]" name="feature" class="cucumber.api.testng.AbstractTestNGCucumberTests"/>
        <method signature="AbstractTestNGCucumberTests.feature(cucumber.api.testng.CucumberFeatureWrapper)[pri:0, instance:com.cucumber.TestRunner.SearchQuestionRunner@17497425]" name="feature" class="cucumber.api.testng.AbstractTestNGCucumberTests"/>
      </group> <!-- cucumber -->
    </groups>
    <test started-at="2024-02-11T13:33:23Z" name="CreateAppQuestionChromeBrowser" finished-at="2024-02-11T13:34:48Z" duration-ms="85138">
      <class name="com.cucumber.TestRunner.CreateQuestionRunner">
        <test-method is-config="true" signature="setUpClass()[pri:0, instance:com.cucumber.TestRunner.CreateQuestionRunner@f0da945]" started-at="2024-02-11T19:04:03Z" name="setUpClass" finished-at="2024-02-11T19:04:03Z" duration-ms="12" status="PASS">
          <reporter-output>
            <line>
              <![CDATA[Completed executing following method : AbstractTestNGCucumberTests.setUpClass]]>
            </line>
          </reporter-output>
        </test-method> <!-- setUpClass -->
        <test-method is-config="true" signature="beforeclass()[pri:0, instance:com.cucumber.TestRunner.CreateQuestionRunner@f0da945]" started-at="2024-02-11T19:04:03Z" name="beforeclass" finished-at="2024-02-11T19:04:23Z" duration-ms="19630" status="PASS">
          <reporter-output>
            <line>
              <![CDATA[Completed executing following method : CreateQuestionRunner.beforeclass]]>
            </line>
          </reporter-output>
        </test-method> <!-- beforeclass -->
        <test-method signature="feature(cucumber.api.testng.CucumberFeatureWrapper)[pri:0, instance:com.cucumber.TestRunner.CreateQuestionRunner@f0da945]" started-at="2024-02-11T19:04:23Z" name="feature" description="Runs Cucumber Feature" data-provider="features" finished-at="2024-02-11T19:04:48Z" duration-ms="24956" status="PASS">
          <params>
            <param index="0">
              <value>
                <![CDATA[App Question]]>
              </value>
            </param>
          </params>
          <reporter-output>
            <line>
              <![CDATA[Completed executing following method : AbstractTestNGCucumberTests.feature]]>
            </line>
            <line>
              <![CDATA[Test Method resides in com.cucumber.TestRunner.CreateQuestionRunner]]>
            </line>
            <line>
              <![CDATA[Test Method had the following parameters : nullApp Question,]]>
            </line>
            <line>
              <![CDATA[Test Status: Pass]]>
            </line>
          </reporter-output>
        </test-method> <!-- feature -->
        <test-method is-config="true" signature="testDownClass()[pri:0, instance:com.cucumber.TestRunner.CreateQuestionRunner@f0da945]" started-at="2024-02-11T19:04:48Z" name="testDownClass" finished-at="2024-02-11T19:04:48Z" duration-ms="82" status="PASS">
          <reporter-output>
            <line>
              <![CDATA[Completed executing following method : CreateQuestionRunner.testDownClass]]>
            </line>
          </reporter-output>
        </test-method> <!-- testDownClass -->
        <test-method is-config="true" signature="tearDownClass()[pri:0, instance:com.cucumber.TestRunner.CreateQuestionRunner@f0da945]" started-at="2024-02-11T19:04:48Z" name="tearDownClass" finished-at="2024-02-11T19:04:48Z" duration-ms="49" status="PASS">
          <reporter-output>
            <line>
              <![CDATA[Completed executing following method : AbstractTestNGCucumberTests.tearDownClass]]>
            </line>
          </reporter-output>
        </test-method> <!-- tearDownClass -->
      </class> <!-- com.cucumber.TestRunner.CreateQuestionRunner -->
      <class name="com.cucumber.TestRunner.SearchQuestionRunner">
        <test-method is-config="true" signature="setUpClass()[pri:0, instance:com.cucumber.TestRunner.SearchQuestionRunner@17497425]" started-at="2024-02-11T19:03:23Z" name="setUpClass" finished-at="2024-02-11T19:03:23Z" duration-ms="214" status="PASS">
          <reporter-output>
            <line>
              <![CDATA[Completed executing following method : AbstractTestNGCucumberTests.setUpClass]]>
            </line>
          </reporter-output>
        </test-method> <!-- setUpClass -->
        <test-method is-config="true" signature="beforeclass()[pri:0, instance:com.cucumber.TestRunner.SearchQuestionRunner@17497425]" started-at="2024-02-11T19:03:23Z" name="beforeclass" finished-at="2024-02-11T19:03:40Z" duration-ms="16775" status="PASS">
          <reporter-output>
            <line>
              <![CDATA[Completed executing following method : SearchQuestionRunner.beforeclass]]>
            </line>
          </reporter-output>
        </test-method> <!-- beforeclass -->
        <test-method signature="feature(cucumber.api.testng.CucumberFeatureWrapper)[pri:0, instance:com.cucumber.TestRunner.SearchQuestionRunner@17497425]" started-at="2024-02-11T19:03:40Z" name="feature" description="Runs Cucumber Feature" data-provider="features" finished-at="2024-02-11T19:04:02Z" duration-ms="22856" status="PASS">
          <params>
            <param index="0">
              <value>
                <![CDATA[App Questions]]>
              </value>
            </param>
          </params>
          <reporter-output>
            <line>
              <![CDATA[Completed executing following method : AbstractTestNGCucumberTests.feature]]>
            </line>
            <line>
              <![CDATA[Test Method resides in com.cucumber.TestRunner.SearchQuestionRunner]]>
            </line>
            <line>
              <![CDATA[Test Method had the following parameters : nullApp Questions,]]>
            </line>
            <line>
              <![CDATA[Test Status: Pass]]>
            </line>
          </reporter-output>
        </test-method> <!-- feature -->
        <test-method is-config="true" signature="testDownClass()[pri:0, instance:com.cucumber.TestRunner.SearchQuestionRunner@17497425]" started-at="2024-02-11T19:04:02Z" name="testDownClass" finished-at="2024-02-11T19:04:03Z" duration-ms="136" status="PASS">
          <reporter-output>
            <line>
              <![CDATA[Completed executing following method : SearchQuestionRunner.testDownClass]]>
            </line>
          </reporter-output>
        </test-method> <!-- testDownClass -->
        <test-method is-config="true" signature="tearDownClass()[pri:0, instance:com.cucumber.TestRunner.SearchQuestionRunner@17497425]" started-at="2024-02-11T19:04:03Z" name="tearDownClass" finished-at="2024-02-11T19:04:03Z" duration-ms="273" status="PASS">
          <reporter-output>
            <line>
              <![CDATA[Completed executing following method : AbstractTestNGCucumberTests.tearDownClass]]>
            </line>
          </reporter-output>
        </test-method> <!-- tearDownClass -->
      </class> <!-- com.cucumber.TestRunner.SearchQuestionRunner -->
    </test> <!-- CreateAppQuestionChromeBrowser -->
  </suite> <!-- NspiraHrmsPortal -->
</testng-results>
