<?xml version="1.0" encoding="UTF-8"?>
<testng-results total="2" passed="2" failed="0" skipped="0">
  <reporter-output>
    <line>
      <![CDATA[About to begin executing Suite NspiraHrmsPortal]]>
    </line>
    <line>
      <![CDATA[About to begin executing Test CreateAppQuestionChromeBrowser]]>
    </line>
    <line>
      <![CDATA[About to begin executing following method : AbstractTestNGCucumberTests.setUpClass]]>
    </line>
    <line>
      <![CDATA[Completed executing following method : AbstractTestNGCucumberTests.setUpClass]]>
    </line>
    <line>
      <![CDATA[About to begin executing following method : CreateQuestionRunner.beforeclass]]>
    </line>
    <line>
      <![CDATA[Completed executing following method : CreateQuestionRunner.beforeclass]]>
    </line>
    <line>
      <![CDATA[About to begin executing following method : AbstractTestNGCucumberTests.feature]]>
    </line>
    <line>
      <![CDATA[Completed executing following method : AbstractTestNGCucumberTests.feature]]>
    </line>
    <line>
      <![CDATA[Test Method resides in com.cucumber.TestRunner.CreateQuestionRunner]]>
    </line>
    <line>
      <![CDATA[Test Method had the following parameters : nullApp Question,]]>
    </line>
    <line>
      <![CDATA[Test Status: Pass]]>
    </line>
    <line>
      <![CDATA[About to begin executing following method : CreateQuestionRunner.testDownClass]]>
    </line>
    <line>
      <![CDATA[Completed executing following method : CreateQuestionRunner.testDownClass]]>
    </line>
    <line>
      <![CDATA[About to begin executing following method : AbstractTestNGCucumberTests.tearDownClass]]>
    </line>
    <line>
      <![CDATA[Completed executing following method : AbstractTestNGCucumberTests.tearDownClass]]>
    </line>
    <line>
      <![CDATA[About to begin executing following method : AbstractTestNGCucumberTests.setUpClass]]>
    </line>
    <line>
      <![CDATA[Completed executing following method : AbstractTestNGCucumberTests.setUpClass]]>
    </line>
    <line>
      <![CDATA[About to begin executing following method : LoginRunner.beforeclass]]>
    </line>
    <line>
      <![CDATA[Completed executing following method : LoginRunner.beforeclass]]>
    </line>
    <line>
      <![CDATA[About to begin executing following method : AbstractTestNGCucumberTests.feature]]>
    </line>
    <line>
      <![CDATA[Completed executing following method : AbstractTestNGCucumberTests.feature]]>
    </line>
    <line>
      <![CDATA[Test Method resides in com.cucumber.TestRunner.LoginRunner]]>
    </line>
    <line>
      <![CDATA[Test Method had the following parameters : nullLogin - Check the flow of login with valid credentials,]]>
    </line>
    <line>
      <![CDATA[Test Status: Pass]]>
    </line>
    <line>
      <![CDATA[About to begin executing following method : LoginRunner.testDownClass]]>
    </line>
    <line>
      <![CDATA[Completed executing following method : LoginRunner.testDownClass]]>
    </line>
    <line>
      <![CDATA[About to begin executing following method : AbstractTestNGCucumberTests.tearDownClass]]>
    </line>
    <line>
      <![CDATA[Completed executing following method : AbstractTestNGCucumberTests.tearDownClass]]>
    </line>
  </reporter-output>
  <suite started-at="2024-01-31T17:32:34Z" name="NspiraHrmsPortal" finished-at="2024-01-31T17:33:16Z" duration-ms="42469">
    <groups>
      <group name="cucumber">
        <method signature="AbstractTestNGCucumberTests.feature(cucumber.api.testng.CucumberFeatureWrapper)[pri:0, instance:com.cucumber.TestRunner.CreateQuestionRunner@52af26ee]" name="feature" class="cucumber.api.testng.AbstractTestNGCucumberTests"/>
        <method signature="AbstractTestNGCucumberTests.feature(cucumber.api.testng.CucumberFeatureWrapper)[pri:0, instance:com.cucumber.TestRunner.LoginRunner@6fd83fc1]" name="feature" class="cucumber.api.testng.AbstractTestNGCucumberTests"/>
      </group> <!-- cucumber -->
    </groups>
    <test started-at="2024-01-31T17:32:34Z" name="CreateAppQuestionChromeBrowser" finished-at="2024-01-31T17:33:16Z" duration-ms="42469">
      <class name="com.cucumber.TestRunner.CreateQuestionRunner">
        <test-method is-config="true" signature="setUpClass()[pri:0, instance:com.cucumber.TestRunner.CreateQuestionRunner@52af26ee]" started-at="2024-01-31T23:02:34Z" name="setUpClass" finished-at="2024-01-31T23:02:34Z" duration-ms="230" status="PASS">
          <reporter-output>
            <line>
              <![CDATA[Completed executing following method : AbstractTestNGCucumberTests.setUpClass]]>
            </line>
          </reporter-output>
        </test-method> <!-- setUpClass -->
        <test-method is-config="true" signature="beforeclass(java.lang.String)[pri:0, instance:com.cucumber.TestRunner.CreateQuestionRunner@52af26ee]" started-at="2024-01-31T23:02:34Z" name="beforeclass" finished-at="2024-01-31T23:02:38Z" duration-ms="3969" status="PASS">
          <params>
            <param index="0">
              <value>
                <![CDATA[chrome]]>
              </value>
            </param>
          </params>
          <reporter-output>
            <line>
              <![CDATA[Completed executing following method : CreateQuestionRunner.beforeclass]]>
            </line>
          </reporter-output>
        </test-method> <!-- beforeclass -->
        <test-method signature="feature(cucumber.api.testng.CucumberFeatureWrapper)[pri:0, instance:com.cucumber.TestRunner.CreateQuestionRunner@52af26ee]" started-at="2024-01-31T23:02:38Z" name="feature" description="Runs Cucumber Feature" data-provider="features" finished-at="2024-01-31T23:03:02Z" duration-ms="23976" status="PASS">
          <params>
            <param index="0">
              <value>
                <![CDATA[App Question]]>
              </value>
            </param>
          </params>
          <reporter-output>
            <line>
              <![CDATA[Completed executing following method : AbstractTestNGCucumberTests.feature]]>
            </line>
            <line>
              <![CDATA[Test Method resides in com.cucumber.TestRunner.CreateQuestionRunner]]>
            </line>
            <line>
              <![CDATA[Test Method had the following parameters : nullApp Question,]]>
            </line>
            <line>
              <![CDATA[Test Status: Pass]]>
            </line>
          </reporter-output>
        </test-method> <!-- feature -->
        <test-method is-config="true" signature="testDownClass()[pri:0, instance:com.cucumber.TestRunner.CreateQuestionRunner@52af26ee]" started-at="2024-01-31T23:03:02Z" name="testDownClass" finished-at="2024-01-31T23:03:02Z" duration-ms="185" status="PASS">
          <reporter-output>
            <line>
              <![CDATA[Completed executing following method : CreateQuestionRunner.testDownClass]]>
            </line>
          </reporter-output>
        </test-method> <!-- testDownClass -->
        <test-method is-config="true" signature="tearDownClass()[pri:0, instance:com.cucumber.TestRunner.CreateQuestionRunner@52af26ee]" started-at="2024-01-31T23:03:02Z" name="tearDownClass" finished-at="2024-01-31T23:03:03Z" duration-ms="255" status="PASS">
          <reporter-output>
            <line>
              <![CDATA[Completed executing following method : AbstractTestNGCucumberTests.tearDownClass]]>
            </line>
          </reporter-output>
        </test-method> <!-- tearDownClass -->
      </class> <!-- com.cucumber.TestRunner.CreateQuestionRunner -->
      <class name="com.cucumber.TestRunner.LoginRunner">
        <test-method is-config="true" signature="setUpClass()[pri:0, instance:com.cucumber.TestRunner.LoginRunner@6fd83fc1]" started-at="2024-01-31T23:03:03Z" name="setUpClass" finished-at="2024-01-31T23:03:03Z" duration-ms="12" status="PASS">
          <reporter-output>
            <line>
              <![CDATA[Completed executing following method : AbstractTestNGCucumberTests.setUpClass]]>
            </line>
          </reporter-output>
        </test-method> <!-- setUpClass -->
        <test-method is-config="true" signature="beforeclass(java.lang.String)[pri:0, instance:com.cucumber.TestRunner.LoginRunner@6fd83fc1]" started-at="2024-01-31T23:03:03Z" name="beforeclass" finished-at="2024-01-31T23:03:05Z" duration-ms="2862" status="PASS">
          <params>
            <param index="0">
              <value>
                <![CDATA[chrome]]>
              </value>
            </param>
          </params>
          <reporter-output>
            <line>
              <![CDATA[Completed executing following method : LoginRunner.beforeclass]]>
            </line>
          </reporter-output>
        </test-method> <!-- beforeclass -->
        <test-method signature="feature(cucumber.api.testng.CucumberFeatureWrapper)[pri:0, instance:com.cucumber.TestRunner.LoginRunner@6fd83fc1]" started-at="2024-01-31T23:03:05Z" name="feature" description="Runs Cucumber Feature" data-provider="features" finished-at="2024-01-31T23:03:16Z" duration-ms="10652" status="PASS">
          <params>
            <param index="0">
              <value>
                <![CDATA[Login - Check the flow of login with valid credentials]]>
              </value>
            </param>
          </params>
          <reporter-output>
            <line>
              <![CDATA[Completed executing following method : AbstractTestNGCucumberTests.feature]]>
            </line>
            <line>
              <![CDATA[Test Method resides in com.cucumber.TestRunner.LoginRunner]]>
            </line>
            <line>
              <![CDATA[Test Method had the following parameters : nullLogin - Check the flow of login with valid credentials,]]>
            </line>
            <line>
              <![CDATA[Test Status: Pass]]>
            </line>
          </reporter-output>
        </test-method> <!-- feature -->
        <test-method is-config="true" signature="testDownClass()[pri:0, instance:com.cucumber.TestRunner.LoginRunner@6fd83fc1]" started-at="2024-01-31T23:03:16Z" name="testDownClass" finished-at="2024-01-31T23:03:16Z" duration-ms="181" status="PASS">
          <reporter-output>
            <line>
              <![CDATA[Completed executing following method : LoginRunner.testDownClass]]>
            </line>
          </reporter-output>
        </test-method> <!-- testDownClass -->
        <test-method is-config="true" signature="tearDownClass()[pri:0, instance:com.cucumber.TestRunner.LoginRunner@6fd83fc1]" started-at="2024-01-31T23:03:16Z" name="tearDownClass" finished-at="2024-01-31T23:03:16Z" duration-ms="62" status="PASS">
          <reporter-output>
            <line>
              <![CDATA[Completed executing following method : AbstractTestNGCucumberTests.tearDownClass]]>
            </line>
          </reporter-output>
        </test-method> <!-- tearDownClass -->
      </class> <!-- com.cucumber.TestRunner.LoginRunner -->
    </test> <!-- CreateAppQuestionChromeBrowser -->
  </suite> <!-- NspiraHrmsPortal -->
</testng-results>
