<?xml version="1.0" encoding="UTF-8"?>
<testng-results total="1" passed="1" failed="0" skipped="0">
  <reporter-output>
  </reporter-output>
  <suite started-at="2024-02-10T14:49:19Z" name="Default suite" finished-at="2024-02-10T14:49:52Z" duration-ms="32580">
    <groups>
      <group name="cucumber">
        <method signature="AbstractTestNGCucumberTests.feature(cucumber.api.testng.CucumberFeatureWrapper)[pri:0, instance:com.cucumber.TestRunner.SearchQuestionRunner@24ba9639]" name="feature" class="cucumber.api.testng.AbstractTestNGCucumberTests"/>
      </group> <!-- cucumber -->
    </groups>
    <test started-at="2024-02-10T14:49:19Z" name="Default test" finished-at="2024-02-10T14:49:52Z" duration-ms="32580">
      <class name="com.cucumber.TestRunner.SearchQuestionRunner">
        <test-method is-config="true" signature="setUpClass()[pri:0, instance:com.cucumber.TestRunner.SearchQuestionRunner@24ba9639]" started-at="2024-02-10T20:19:19Z" name="setUpClass" finished-at="2024-02-10T20:19:19Z" duration-ms="240" status="PASS">
          <reporter-output>
          </reporter-output>
        </test-method> <!-- setUpClass -->
        <test-method is-config="true" signature="beforeclass()[pri:0, instance:com.cucumber.TestRunner.SearchQuestionRunner@24ba9639]" started-at="2024-02-10T20:19:19Z" name="beforeclass" finished-at="2024-02-10T20:19:28Z" duration-ms="9163" status="PASS">
          <reporter-output>
          </reporter-output>
        </test-method> <!-- beforeclass -->
        <test-method signature="feature(cucumber.api.testng.CucumberFeatureWrapper)[pri:0, instance:com.cucumber.TestRunner.SearchQuestionRunner@24ba9639]" started-at="2024-02-10T20:19:29Z" name="feature" description="Runs Cucumber Feature" data-provider="features" finished-at="2024-02-10T20:19:51Z" duration-ms="22278" status="PASS">
          <params>
            <param index="0">
              <value>
                <![CDATA[App Questions]]>
              </value>
            </param>
          </params>
          <reporter-output>
          </reporter-output>
        </test-method> <!-- feature -->
        <test-method is-config="true" signature="testDownClass()[pri:0, instance:com.cucumber.TestRunner.SearchQuestionRunner@24ba9639]" started-at="2024-02-10T20:19:51Z" name="testDownClass" finished-at="2024-02-10T20:19:51Z" duration-ms="285" status="PASS">
          <reporter-output>
          </reporter-output>
        </test-method> <!-- testDownClass -->
        <test-method is-config="true" signature="tearDownClass()[pri:0, instance:com.cucumber.TestRunner.SearchQuestionRunner@24ba9639]" started-at="2024-02-10T20:19:51Z" name="tearDownClass" finished-at="2024-02-10T20:19:52Z" duration-ms="390" status="PASS">
          <reporter-output>
          </reporter-output>
        </test-method> <!-- tearDownClass -->
      </class> <!-- com.cucumber.TestRunner.SearchQuestionRunner -->
    </test> <!-- Default test -->
  </suite> <!-- Default suite -->
</testng-results>
