<?xml version="1.0" encoding="UTF-8"?>
<testng-results total="1" passed="1" failed="0" skipped="0">
  <reporter-output>
  </reporter-output>
  <suite started-at="2024-02-01T04:59:34Z" name="Default suite" finished-at="2024-02-01T04:59:52Z" duration-ms="18501">
    <groups>
      <group name="cucumber">
        <method signature="AbstractTestNGCucumberTests.feature(cucumber.api.testng.CucumberFeatureWrapper)[pri:0, instance:com.cucumber.TestRunner.CreateQuestionRunner@2c4d1ac]" name="feature" class="cucumber.api.testng.AbstractTestNGCucumberTests"/>
      </group> <!-- cucumber -->
    </groups>
    <test started-at="2024-02-01T04:59:34Z" name="Default test" finished-at="2024-02-01T04:59:52Z" duration-ms="18501">
      <class name="com.cucumber.TestRunner.CreateQuestionRunner">
        <test-method is-config="true" signature="setUpClass()[pri:0, instance:com.cucumber.TestRunner.CreateQuestionRunner@2c4d1ac]" started-at="2024-02-01T10:29:34Z" name="setUpClass" finished-at="2024-02-01T10:29:34Z" duration-ms="216" status="PASS">
          <reporter-output>
          </reporter-output>
        </test-method> <!-- setUpClass -->
        <test-method is-config="true" signature="beforeclass()[pri:0, instance:com.cucumber.TestRunner.CreateQuestionRunner@2c4d1ac]" started-at="2024-02-01T10:29:34Z" name="beforeclass" finished-at="2024-02-01T10:29:37Z" duration-ms="2974" status="PASS">
          <reporter-output>
          </reporter-output>
        </test-method> <!-- beforeclass -->
        <test-method signature="feature(cucumber.api.testng.CucumberFeatureWrapper)[pri:0, instance:com.cucumber.TestRunner.CreateQuestionRunner@2c4d1ac]" started-at="2024-02-01T10:29:37Z" name="feature" description="Runs Cucumber Feature" data-provider="features" finished-at="2024-02-01T10:29:52Z" duration-ms="14612" status="PASS">
          <params>
            <param index="0">
              <value>
                <![CDATA[App Question]]>
              </value>
            </param>
          </params>
          <reporter-output>
          </reporter-output>
        </test-method> <!-- feature -->
        <test-method is-config="true" signature="testDownClass()[pri:0, instance:com.cucumber.TestRunner.CreateQuestionRunner@2c4d1ac]" started-at="2024-02-01T10:29:52Z" name="testDownClass" finished-at="2024-02-01T10:29:52Z" duration-ms="206" status="PASS">
          <reporter-output>
          </reporter-output>
        </test-method> <!-- testDownClass -->
        <test-method is-config="true" signature="tearDownClass()[pri:0, instance:com.cucumber.TestRunner.CreateQuestionRunner@2c4d1ac]" started-at="2024-02-01T10:29:52Z" name="tearDownClass" finished-at="2024-02-01T10:29:52Z" duration-ms="370" status="PASS">
          <reporter-output>
          </reporter-output>
        </test-method> <!-- tearDownClass -->
      </class> <!-- com.cucumber.TestRunner.CreateQuestionRunner -->
    </test> <!-- Default test -->
  </suite> <!-- Default suite -->
</testng-results>
