<?xml version="1.0" encoding="UTF-8"?>
<testng-results total="1" passed="1" failed="0" skipped="0">
  <reporter-output>
    <line>
      <![CDATA[About to begin executing Suite NspiraHrmsPortal]]>
    </line>
    <line>
      <![CDATA[About to begin executing Test CreateAppQuestionChromeBrowser]]>
    </line>
    <line>
      <![CDATA[About to begin executing following method : AbstractTestNGCucumberTests.setUpClass]]>
    </line>
    <line>
      <![CDATA[Completed executing following method : AbstractTestNGCucumberTests.setUpClass]]>
    </line>
    <line>
      <![CDATA[About to begin executing following method : CreateQuestionRunner.beforeclass]]>
    </line>
    <line>
      <![CDATA[Completed executing following method : CreateQuestionRunner.beforeclass]]>
    </line>
    <line>
      <![CDATA[About to begin executing following method : AbstractTestNGCucumberTests.feature]]>
    </line>
    <line>
      <![CDATA[Completed executing following method : AbstractTestNGCucumberTests.feature]]>
    </line>
    <line>
      <![CDATA[Test Method resides in com.cucumber.TestRunner.CreateQuestionRunner]]>
    </line>
    <line>
      <![CDATA[Test Method had the following parameters : nullApp Question,]]>
    </line>
    <line>
      <![CDATA[Test Status: Pass]]>
    </line>
    <line>
      <![CDATA[About to begin executing following method : CreateQuestionRunner.testDownClass]]>
    </line>
    <line>
      <![CDATA[Completed executing following method : CreateQuestionRunner.testDownClass]]>
    </line>
    <line>
      <![CDATA[About to begin executing following method : AbstractTestNGCucumberTests.tearDownClass]]>
    </line>
    <line>
      <![CDATA[Completed executing following method : AbstractTestNGCucumberTests.tearDownClass]]>
    </line>
  </reporter-output>
  <suite started-at="2024-01-31T10:01:52Z" name="NspiraHrmsPortal" finished-at="2024-01-31T10:02:15Z" duration-ms="22986">
    <groups>
      <group name="cucumber">
        <method signature="AbstractTestNGCucumberTests.feature(cucumber.api.testng.CucumberFeatureWrapper)[pri:0, instance:com.cucumber.TestRunner.CreateQuestionRunner@741a8937]" name="feature" class="cucumber.api.testng.AbstractTestNGCucumberTests"/>
      </group> <!-- cucumber -->
    </groups>
    <test started-at="2024-01-31T10:01:52Z" name="CreateAppQuestionChromeBrowser" finished-at="2024-01-31T10:02:15Z" duration-ms="22986">
      <class name="com.cucumber.TestRunner.CreateQuestionRunner">
        <test-method is-config="true" signature="setUpClass()[pri:0, instance:com.cucumber.TestRunner.CreateQuestionRunner@741a8937]" started-at="2024-01-31T15:31:52Z" name="setUpClass" finished-at="2024-01-31T15:31:52Z" duration-ms="205" status="PASS">
          <reporter-output>
            <line>
              <![CDATA[Completed executing following method : AbstractTestNGCucumberTests.setUpClass]]>
            </line>
          </reporter-output>
        </test-method> <!-- setUpClass -->
        <test-method is-config="true" signature="beforeclass(java.lang.String)[pri:0, instance:com.cucumber.TestRunner.CreateQuestionRunner@741a8937]" started-at="2024-01-31T15:31:52Z" name="beforeclass" finished-at="2024-01-31T15:31:55Z" duration-ms="3486" status="PASS">
          <params>
            <param index="0">
              <value>
                <![CDATA[chrome]]>
              </value>
            </param>
          </params>
          <reporter-output>
            <line>
              <![CDATA[Completed executing following method : CreateQuestionRunner.beforeclass]]>
            </line>
          </reporter-output>
        </test-method> <!-- beforeclass -->
        <test-method signature="feature(cucumber.api.testng.CucumberFeatureWrapper)[pri:0, instance:com.cucumber.TestRunner.CreateQuestionRunner@741a8937]" started-at="2024-01-31T15:31:56Z" name="feature" description="Runs Cucumber Feature" data-provider="features" finished-at="2024-01-31T15:32:13Z" duration-ms="17646" status="PASS">
          <params>
            <param index="0">
              <value>
                <![CDATA[App Question]]>
              </value>
            </param>
          </params>
          <reporter-output>
            <line>
              <![CDATA[Completed executing following method : AbstractTestNGCucumberTests.feature]]>
            </line>
            <line>
              <![CDATA[Test Method resides in com.cucumber.TestRunner.CreateQuestionRunner]]>
            </line>
            <line>
              <![CDATA[Test Method had the following parameters : nullApp Question,]]>
            </line>
            <line>
              <![CDATA[Test Status: Pass]]>
            </line>
          </reporter-output>
        </test-method> <!-- feature -->
        <test-method is-config="true" signature="testDownClass()[pri:0, instance:com.cucumber.TestRunner.CreateQuestionRunner@741a8937]" started-at="2024-01-31T15:32:13Z" name="testDownClass" finished-at="2024-01-31T15:32:14Z" duration-ms="1147" status="PASS">
          <reporter-output>
            <line>
              <![CDATA[Completed executing following method : CreateQuestionRunner.testDownClass]]>
            </line>
          </reporter-output>
        </test-method> <!-- testDownClass -->
        <test-method is-config="true" signature="tearDownClass()[pri:0, instance:com.cucumber.TestRunner.CreateQuestionRunner@741a8937]" started-at="2024-01-31T15:32:14Z" name="tearDownClass" finished-at="2024-01-31T15:32:15Z" duration-ms="326" status="PASS">
          <reporter-output>
            <line>
              <![CDATA[Completed executing following method : AbstractTestNGCucumberTests.tearDownClass]]>
            </line>
          </reporter-output>
        </test-method> <!-- tearDownClass -->
      </class> <!-- com.cucumber.TestRunner.CreateQuestionRunner -->
    </test> <!-- CreateAppQuestionChromeBrowser -->
  </suite> <!-- NspiraHrmsPortal -->
</testng-results>
