<?xml version="1.0" encoding="UTF-8"?>
<testng-results total="1" passed="1" failed="0" skipped="0">
  <reporter-output>
    <line>
      <![CDATA[About to begin executing Suite NspiraHrmsPortal]]>
    </line>
    <line>
      <![CDATA[About to begin executing Test CreateAppQuestionChromeBrowser]]>
    </line>
    <line>
      <![CDATA[About to begin executing following method : AbstractTestNGCucumberTests.setUpClass]]>
    </line>
    <line>
      <![CDATA[Completed executing following method : AbstractTestNGCucumberTests.setUpClass]]>
    </line>
    <line>
      <![CDATA[About to begin executing following method : CreateQuestionRunnerTest.beforeclass]]>
    </line>
    <line>
      <![CDATA[Completed executing following method : CreateQuestionRunnerTest.beforeclass]]>
    </line>
    <line>
      <![CDATA[About to begin executing following method : AbstractTestNGCucumberTests.feature]]>
    </line>
    <line>
      <![CDATA[Completed executing following method : AbstractTestNGCucumberTests.feature]]>
    </line>
    <line>
      <![CDATA[Test Method resides in com.cucumber.TestRunner.CreateQuestionRunnerTest]]>
    </line>
    <line>
      <![CDATA[Test Method had the following parameters : nullApp Question,]]>
    </line>
    <line>
      <![CDATA[Test Status: Pass]]>
    </line>
    <line>
      <![CDATA[About to begin executing following method : CreateQuestionRunnerTest.testDownClass]]>
    </line>
    <line>
      <![CDATA[Completed executing following method : CreateQuestionRunnerTest.testDownClass]]>
    </line>
    <line>
      <![CDATA[About to begin executing following method : AbstractTestNGCucumberTests.tearDownClass]]>
    </line>
    <line>
      <![CDATA[Completed executing following method : AbstractTestNGCucumberTests.tearDownClass]]>
    </line>
  </reporter-output>
  <suite started-at="2024-02-01T07:28:18Z" name="NspiraHrmsPortal" finished-at="2024-02-01T07:28:36Z" duration-ms="18119">
    <groups>
      <group name="cucumber">
        <method signature="AbstractTestNGCucumberTests.feature(cucumber.api.testng.CucumberFeatureWrapper)[pri:0, instance:com.cucumber.TestRunner.CreateQuestionRunnerTest@6404f418]" name="feature" class="cucumber.api.testng.AbstractTestNGCucumberTests"/>
      </group> <!-- cucumber -->
    </groups>
    <test started-at="2024-02-01T07:28:18Z" name="CreateAppQuestionChromeBrowser" finished-at="2024-02-01T07:28:36Z" duration-ms="18119">
      <class name="com.cucumber.TestRunner.CreateQuestionRunnerTest">
        <test-method is-config="true" signature="setUpClass()[pri:0, instance:com.cucumber.TestRunner.CreateQuestionRunnerTest@6404f418]" started-at="2024-02-01T12:58:18Z" name="setUpClass" finished-at="2024-02-01T12:58:18Z" duration-ms="191" status="PASS">
          <reporter-output>
            <line>
              <![CDATA[Completed executing following method : AbstractTestNGCucumberTests.setUpClass]]>
            </line>
          </reporter-output>
        </test-method> <!-- setUpClass -->
        <test-method is-config="true" signature="beforeclass()[pri:0, instance:com.cucumber.TestRunner.CreateQuestionRunnerTest@6404f418]" started-at="2024-02-01T12:58:18Z" name="beforeclass" finished-at="2024-02-01T12:58:21Z" duration-ms="3398" status="PASS">
          <reporter-output>
            <line>
              <![CDATA[Completed executing following method : CreateQuestionRunnerTest.beforeclass]]>
            </line>
          </reporter-output>
        </test-method> <!-- beforeclass -->
        <test-method signature="feature(cucumber.api.testng.CucumberFeatureWrapper)[pri:0, instance:com.cucumber.TestRunner.CreateQuestionRunnerTest@6404f418]" started-at="2024-02-01T12:58:21Z" name="feature" description="Runs Cucumber Feature" data-provider="features" finished-at="2024-02-01T12:58:35Z" duration-ms="13729" status="PASS">
          <params>
            <param index="0">
              <value>
                <![CDATA[App Question]]>
              </value>
            </param>
          </params>
          <reporter-output>
            <line>
              <![CDATA[Completed executing following method : AbstractTestNGCucumberTests.feature]]>
            </line>
            <line>
              <![CDATA[Test Method resides in com.cucumber.TestRunner.CreateQuestionRunnerTest]]>
            </line>
            <line>
              <![CDATA[Test Method had the following parameters : nullApp Question,]]>
            </line>
            <line>
              <![CDATA[Test Status: Pass]]>
            </line>
          </reporter-output>
        </test-method> <!-- feature -->
        <test-method is-config="true" signature="testDownClass()[pri:0, instance:com.cucumber.TestRunner.CreateQuestionRunnerTest@6404f418]" started-at="2024-02-01T12:58:35Z" name="testDownClass" finished-at="2024-02-01T12:58:35Z" duration-ms="214" status="PASS">
          <reporter-output>
            <line>
              <![CDATA[Completed executing following method : CreateQuestionRunnerTest.testDownClass]]>
            </line>
          </reporter-output>
        </test-method> <!-- testDownClass -->
        <test-method is-config="true" signature="tearDownClass()[pri:0, instance:com.cucumber.TestRunner.CreateQuestionRunnerTest@6404f418]" started-at="2024-02-01T12:58:35Z" name="tearDownClass" finished-at="2024-02-01T12:58:36Z" duration-ms="386" status="PASS">
          <reporter-output>
            <line>
              <![CDATA[Completed executing following method : AbstractTestNGCucumberTests.tearDownClass]]>
            </line>
          </reporter-output>
        </test-method> <!-- tearDownClass -->
      </class> <!-- com.cucumber.TestRunner.CreateQuestionRunnerTest -->
    </test> <!-- CreateAppQuestionChromeBrowser -->
  </suite> <!-- NspiraHrmsPortal -->
</testng-results>
